Using pre-set license
Built from '2020.3/staging' branch; Version is '2020.3.20f1 (41c4e627c95f) revision 4310246'; Using compiler version '192528614'; Build Type 'Release'
OS: 'Windows 10 Home; OS build 22000.1219; Version 2009; 64bit' Language: 'en' Physical Memory: 16300 MB
BatchMode: 1, IsHumanControllingUs: 0, StartBugReporterOnCrash: 0, Is64bit: 1, IsPro: 0

COMMAND LINE ARGUMENTS:
D:\Unity\Editor\Unity.exe
-adb2
-batchMode
-noUpm
-name
AssetImportWorker0
-projectPath
C:/Users/omerf/OneDrive/Desktop/Snake AI
-logFile
Logs/AssetImportWorker0.log
-srvPort
59710
Successfully changed project path to: C:/Users/omerf/OneDrive/Desktop/Snake AI
C:/Users/omerf/OneDrive/Desktop/Snake AI
Using Asset Import Pipeline V2.
Refreshing native plugins compatible for Editor in 39.91 ms, found 3 plugins.
Preloading 0 native plugins for Editor in 0.00 ms.
Initialize engine version: 2020.3.20f1 (41c4e627c95f)
[Subsystems] Discovering subsystems at path D:/Unity/Editor/Data/Resources/UnitySubsystems
[Subsystems] Discovering subsystems at path C:/Users/omerf/OneDrive/Desktop/Snake AI/Assets
GfxDevice: creating device client; threaded=0
Direct3D:
    Version:  Direct3D 11.0 [level 11.1]
    Renderer: NVIDIA GeForce RTX 2060 (ID=0x1e89)
    Vendor:   
    VRAM:     5963 MB
    Driver:   31.0.15.2698
Initialize mono
Mono path[0] = 'D:/Unity/Editor/Data/Managed'
Mono path[1] = 'D:/Unity/Editor/Data/MonoBleedingEdge/lib/mono/unityjit'
Mono config path = 'D:/Unity/Editor/Data/MonoBleedingEdge/etc'
Using monoOptions --debugger-agent=transport=dt_socket,embedding=1,server=y,suspend=n,address=127.0.0.1:56976
Begin MonoManager ReloadAssembly
Registering precompiled unity dll's ...
Register platform support module: D:/Unity/Editor/Data/PlaybackEngines/WindowsStandaloneSupport/UnityEditor.WindowsStandalone.Extensions.dll
Registered in 0.000777 seconds.
Native extension for WindowsStandalone target not found
Refreshing native plugins compatible for Editor in 40.36 ms, found 3 plugins.
Preloading 0 native plugins for Editor in 0.00 ms.
Mono: successfully reloaded assembly
- Completed reload, in  0.947 seconds
Domain Reload Profiling:
	ReloadAssembly (948ms)
		BeginReloadAssembly (54ms)
			ExecutionOrderSort (0ms)
			DisableScriptedObjects (0ms)
			BackupInstance (0ms)
			ReleaseScriptingObjects (0ms)
			CreateAndSetChildDomain (1ms)
		EndReloadAssembly (386ms)
			LoadAssemblies (54ms)
			RebuildTransferFunctionScriptingTraits (0ms)
			SetupTypeCache (141ms)
			ReleaseScriptCaches (0ms)
			RebuildScriptCaches (27ms)
			SetupLoadedEditorAssemblies (158ms)
				LogAssemblyErrors (0ms)
				InitializePlatformSupportModulesInManaged (3ms)
				SetLoadedEditorAssemblies (0ms)
				RefreshPlugins (40ms)
				BeforeProcessingInitializeOnLoad (15ms)
				ProcessInitializeOnLoadAttributes (72ms)
				ProcessInitializeOnLoadMethodAttributes (27ms)
				AfterProcessingInitializeOnLoad (0ms)
				EditorAssembliesLoaded (0ms)
			ExecutionOrderSort2 (0ms)
			AwakeInstancesAfterBackupRestoration (0ms)
Platform modules already initialized, skipping
Registering precompiled user dll's ...
Registered in 0.002744 seconds.
Begin MonoManager ReloadAssembly
Native extension for WindowsStandalone target not found
Refreshing native plugins compatible for Editor in 38.65 ms, found 3 plugins.
Preloading 0 native plugins for Editor in 0.00 ms.
Mono: successfully reloaded assembly
- Completed reload, in  0.980 seconds
Domain Reload Profiling:
	ReloadAssembly (981ms)
		BeginReloadAssembly (131ms)
			ExecutionOrderSort (0ms)
			DisableScriptedObjects (4ms)
			BackupInstance (0ms)
			ReleaseScriptingObjects (0ms)
			CreateAndSetChildDomain (16ms)
		EndReloadAssembly (798ms)
			LoadAssemblies (86ms)
			RebuildTransferFunctionScriptingTraits (0ms)
			SetupTypeCache (265ms)
			ReleaseScriptCaches (0ms)
			RebuildScriptCaches (44ms)
			SetupLoadedEditorAssemblies (297ms)
				LogAssemblyErrors (0ms)
				InitializePlatformSupportModulesInManaged (3ms)
				SetLoadedEditorAssemblies (0ms)
				RefreshPlugins (39ms)
				BeforeProcessingInitializeOnLoad (65ms)
				ProcessInitializeOnLoadAttributes (178ms)
				ProcessInitializeOnLoadMethodAttributes (11ms)
				AfterProcessingInitializeOnLoad (1ms)
				EditorAssembliesLoaded (0ms)
			ExecutionOrderSort2 (0ms)
			AwakeInstancesAfterBackupRestoration (6ms)
Platform modules already initialized, skipping
========================================================================
Worker process is ready to serve import requests
Launched and connected shader compiler UnityShaderCompiler.exe after 0.03 seconds
Refreshing native plugins compatible for Editor in 0.44 ms, found 3 plugins.
Preloading 0 native plugins for Editor in 0.00 ms.
Unloading 2176 Unused Serialized files (Serialized files now loaded: 0)
System memory in use before: 95.0 MB.
System memory in use after: 95.1 MB.

Unloading 26 unused Assets to reduce memory usage. Loaded Objects now: 2615.
Total: 3.088100 ms (FindLiveObjects: 0.190900 ms CreateObjectMapping: 0.072200 ms MarkObjects: 2.763100 ms  DeleteObjects: 0.061000 ms)

AssetImportParameters requested are different than current active one (requested -> active):
  custom:framework-win-MediaFoundation: 216162199b28c13a410421893ffa2e32 -> 
  custom:video-decoder-ogg-theora: a1e56fd34408186e4bbccfd4996cb3dc -> 
  custom:container-muxer-webm: aa71ff27fc2769a1b78a27578f13a17b -> 
  custom:container-demuxer-webm: 4f35f7cbe854078d1ac9338744f61a02 -> 
  custom:container-demuxer-ogg: 62fdf1f143b41e24485cea50d1cbac27 -> 
  custom:video-encoder-webm-vp8: eb34c28f22e8b96e1ab97ce403110664 -> 
  custom:video-decoder-webm-vp8: 9c59270c3fd7afecdb556c50c9e8de78 -> 
  custom:audio-decoder-ogg-vorbis: bf7c407c2cedff20999df2af8eb42d56 -> 
  custom:audio-encoder-webm-vorbis: bf7c407c2cedff20999df2af8eb42d56 -> 
========================================================================
Received Import Request.
  path: Assets/Snake
  artifactKey: Guid(00af4f46d77c37f4f91762c733af170f) Importer(815301076,1909f56bfc062723c751e8b465ee728b)
Start importing Assets/Snake using Guid(00af4f46d77c37f4f91762c733af170f) Importer(815301076,1909f56bfc062723c751e8b465ee728b)  -> (artifact id: '49184822cfe866ffdbe5ef9992bdf8e9') in 0.006725 seconds 
  Import took 0.009688 seconds .

========================================================================
Received Import Request.
  Time since last request: 4.471468 seconds.
  path: Assets/Snake/AIs
  artifactKey: Guid(d480248dfde38c7449abf716554bb7ee) Importer(815301076,1909f56bfc062723c751e8b465ee728b)
Start importing Assets/Snake/AIs using Guid(d480248dfde38c7449abf716554bb7ee) Importer(815301076,1909f56bfc062723c751e8b465ee728b)  -> (artifact id: 'c7317de9076c7ea505140ac4821b0d03') in 0.005250 seconds 
  Import took 0.009571 seconds .

========================================================================
Received Import Request.
  Time since last request: 1.075931 seconds.
  path: Assets/Snake/AIs/Students
  artifactKey: Guid(820fb82421375024f9d2719c623cf2a3) Importer(815301076,1909f56bfc062723c751e8b465ee728b)
Start importing Assets/Snake/AIs/Students using Guid(820fb82421375024f9d2719c623cf2a3) Importer(815301076,1909f56bfc062723c751e8b465ee728b)  -> (artifact id: '20e768f3ecae9a1812ef0bd5a5d54ac2') in 0.004684 seconds 
  Import took 0.008149 seconds .

========================================================================
Received Import Request.
  Time since last request: 4.730448 seconds.
  path: Assets/Snake/2. Example.unity
  artifactKey: Guid(e81676364add4fc4b8cc3cfaa13136f7) Importer(815301076,1909f56bfc062723c751e8b465ee728b)
Start importing Assets/Snake/2. Example.unity using Guid(e81676364add4fc4b8cc3cfaa13136f7) Importer(815301076,1909f56bfc062723c751e8b465ee728b)  -> (artifact id: 'fcc3c70123b9d7fdfff89da0d044a22e') in 0.011643 seconds 
  Import took 0.014932 seconds .

========================================================================
Received Import Request.
  Time since last request: 0.384003 seconds.
  path: Assets/Snake/3. Test.unity
  artifactKey: Guid(835325c55da7ed94a91c7efb203b2065) Importer(815301076,1909f56bfc062723c751e8b465ee728b)
Start importing Assets/Snake/3. Test.unity using Guid(835325c55da7ed94a91c7efb203b2065) Importer(815301076,1909f56bfc062723c751e8b465ee728b)  -> (artifact id: '75d1c94ada85559a32dd0c82d56b2d11') in 0.004780 seconds 
  Import took 0.008051 seconds .

========================================================================
Received Import Request.
  Time since last request: 9.061436 seconds.
  path: Assets/Snake/AIs/Examples/SnakeAI_Avoid.asset
  artifactKey: Guid(5bae95449ce4ac744b96e5fbdb992758) Importer(815301076,1909f56bfc062723c751e8b465ee728b)
Start importing Assets/Snake/AIs/Examples/SnakeAI_Avoid.asset using Guid(5bae95449ce4ac744b96e5fbdb992758) Importer(815301076,1909f56bfc062723c751e8b465ee728b)  -> (artifact id: '2f0d29693919894d12185568e073f790') in 0.020321 seconds 
  Import took 0.024131 seconds .

========================================================================
Received Import Request.
  Time since last request: 0.000230 seconds.
  path: Assets/Snake/AIs/Examples/SnakeAI_Keyboard.asset
  artifactKey: Guid(ed36afd7ea9d16049ae99c53ab00fe45) Importer(815301076,1909f56bfc062723c751e8b465ee728b)
Start importing Assets/Snake/AIs/Examples/SnakeAI_Keyboard.asset using Guid(ed36afd7ea9d16049ae99c53ab00fe45) Importer(815301076,1909f56bfc062723c751e8b465ee728b)  -> (artifact id: 'ebe63c98784de46ca62975baa6cc1ddd') in 0.005692 seconds 
  Import took 0.008621 seconds .

========================================================================
Received Import Request.
  Time since last request: 0.000126 seconds.
  path: Assets/Snake/AIs/Examples/SnakeAI_Idle.asset
  artifactKey: Guid(91e898c8a67f96d40b26ddcf2436f9bc) Importer(815301076,1909f56bfc062723c751e8b465ee728b)
Start importing Assets/Snake/AIs/Examples/SnakeAI_Idle.asset using Guid(91e898c8a67f96d40b26ddcf2436f9bc) Importer(815301076,1909f56bfc062723c751e8b465ee728b)  -> (artifact id: '6e9cd3f0bdf773eba0ed6b311ce38654') in 0.007178 seconds 
  Import took 0.010290 seconds .

========================================================================
Received Import Request.
  Time since last request: 0.000208 seconds.
  path: Assets/Snake/AIs/Students/2021-22/oguve001/SnakeAI_oguve001.asset
  artifactKey: Guid(ec5c27ef47d803942baf3309f20e0f60) Importer(815301076,1909f56bfc062723c751e8b465ee728b)
Start importing Assets/Snake/AIs/Students/2021-22/oguve001/SnakeAI_oguve001.asset using Guid(ec5c27ef47d803942baf3309f20e0f60) Importer(815301076,1909f56bfc062723c751e8b465ee728b)  -> (artifact id: 'df3b0af4609a8df53a08d79fffd3f29b') in 0.006412 seconds 
  Import took 0.009203 seconds .

========================================================================
Received Import Request.
  Time since last request: 0.000208 seconds.
  path: Assets/Snake/AIs/Examples/SnakeAI_Random.asset
  artifactKey: Guid(a5c91d01c112456499789cab3079c7e7) Importer(815301076,1909f56bfc062723c751e8b465ee728b)
Start importing Assets/Snake/AIs/Examples/SnakeAI_Random.asset using Guid(a5c91d01c112456499789cab3079c7e7) Importer(815301076,1909f56bfc062723c751e8b465ee728b)  -> (artifact id: '495b41a935651c640b6d990d29ed4de4') in 0.006118 seconds 
  Import took 0.009682 seconds .

========================================================================
Received Import Request.
  Time since last request: 0.000242 seconds.
  path: Assets/Snake/AIs/Examples/SnakeAI_RotateLeft.asset
  artifactKey: Guid(0c48452c48d69764a87303e91588e2b1) Importer(815301076,1909f56bfc062723c751e8b465ee728b)
Start importing Assets/Snake/AIs/Examples/SnakeAI_RotateLeft.asset using Guid(0c48452c48d69764a87303e91588e2b1) Importer(815301076,1909f56bfc062723c751e8b465ee728b)  -> (artifact id: 'fcabe5ff18de96db93745eac973b1656') in 0.005562 seconds 
  Import took 0.008648 seconds .

========================================================================
Received Prepare
Registering precompiled user dll's ...
Registered in 0.002250 seconds.
Begin MonoManager ReloadAssembly
Native extension for WindowsStandalone target not found
Refreshing native plugins compatible for Editor in 0.42 ms, found 3 plugins.
Preloading 0 native plugins for Editor in 0.00 ms.
Mono: successfully reloaded assembly
- Completed reload, in  0.854 seconds
Domain Reload Profiling:
	ReloadAssembly (855ms)
		BeginReloadAssembly (106ms)
			ExecutionOrderSort (0ms)
			DisableScriptedObjects (6ms)
			BackupInstance (0ms)
			ReleaseScriptingObjects (0ms)
			CreateAndSetChildDomain (32ms)
		EndReloadAssembly (700ms)
			LoadAssemblies (82ms)
			RebuildTransferFunctionScriptingTraits (0ms)
			SetupTypeCache (252ms)
			ReleaseScriptCaches (1ms)
			RebuildScriptCaches (39ms)
			SetupLoadedEditorAssemblies (245ms)
				LogAssemblyErrors (0ms)
				InitializePlatformSupportModulesInManaged (4ms)
				SetLoadedEditorAssemblies (0ms)
				RefreshPlugins (0ms)
				BeforeProcessingInitializeOnLoad (64ms)
				ProcessInitializeOnLoadAttributes (170ms)
				ProcessInitializeOnLoadMethodAttributes (5ms)
				AfterProcessingInitializeOnLoad (1ms)
				EditorAssembliesLoaded (0ms)
			ExecutionOrderSort2 (0ms)
			AwakeInstancesAfterBackupRestoration (9ms)
Platform modules already initialized, skipping
Refreshing native plugins compatible for Editor in 0.40 ms, found 3 plugins.
Preloading 0 native plugins for Editor in 0.00 ms.
Unloading 2166 Unused Serialized files (Serialized files now loaded: 0)
System memory in use before: 94.5 MB.
System memory in use after: 94.7 MB.

Unloading 14 unused Assets to reduce memory usage. Loaded Objects now: 2618.
Total: 3.018200 ms (FindLiveObjects: 0.185800 ms CreateObjectMapping: 0.065300 ms MarkObjects: 2.753300 ms  DeleteObjects: 0.013000 ms)

AssetImportParameters requested are different than current active one (requested -> active):
  custom:framework-win-MediaFoundation: 216162199b28c13a410421893ffa2e32 -> 
  custom:video-decoder-ogg-theora: a1e56fd34408186e4bbccfd4996cb3dc -> 
  custom:container-muxer-webm: aa71ff27fc2769a1b78a27578f13a17b -> 
  custom:container-demuxer-webm: 4f35f7cbe854078d1ac9338744f61a02 -> 
  custom:container-demuxer-ogg: 62fdf1f143b41e24485cea50d1cbac27 -> 
  custom:video-encoder-webm-vp8: eb34c28f22e8b96e1ab97ce403110664 -> 
  custom:video-decoder-webm-vp8: 9c59270c3fd7afecdb556c50c9e8de78 -> 
  custom:audio-decoder-ogg-vorbis: bf7c407c2cedff20999df2af8eb42d56 -> 
  custom:audio-encoder-webm-vorbis: bf7c407c2cedff20999df2af8eb42d56 -> 
AssetImportWorkerClient::OnTransportError - code=2 error=End of file
